<?xml version="1.0" encoding="UTF-8"?>
<!-- Generated by org.testng.reporters.JUnitXMLReporter -->
<testsuite ignored="0" hostname="LAPTOP-0TJIKA7P" failures="0" tests="3" name="Testing On Edge" time="33.935" errors="0" timestamp="2026-02-03T22:33:17 IST">
  <testcase classname="package_01.Amazon_01.TC_02_LoginToAmazonSearching" name="searchingProduct" time="9.572"/>
  <testcase classname="package_01.Amazon_01.TC_01_LoginToAmazon" name="withValidCredentials" time="6.43"/>
  <testcase classname="package_01.Amazon_01.TC_03_LoginToAmazonSearchingLogout" name="searchingProductAndSignOut" time="12.472"/>
</testsuite> <!-- Testing On Edge -->
