<?xml version="1.0" encoding="UTF-8"?>
<!-- Generated by org.testng.reporters.JUnitXMLReporter -->
<testsuite ignored="0" hostname="LAPTOP-0TJIKA7P" failures="0" tests="3" name="Testing On Chrome" time="42.471" errors="0" timestamp="2026-02-12T21:52:49 IST">
  <testcase classname="package_01.Amazon_01.TC_02_LoginToAmazonSearching" name="searchingProduct" time="11.572"/>
  <testcase classname="package_01.Amazon_01.TC_01_LoginToAmazon" name="withValidCredentials" time="7.048"/>
  <testcase classname="package_01.Amazon_01.TC_03_LoginToAmazonSearchingLogout" name="searchingProductAndSignOut" time="11.946"/>
</testsuite> <!-- Testing On Chrome -->
