<?xml version="1.0" encoding="UTF-8"?>
<testsuite xmlns:xsi="http://www.w3.org/2001/XMLSchema-instance" xsi:noNamespaceSchemaLocation="https://maven.apache.org/surefire/maven-surefire-plugin/xsd/surefire-test-report.xsd" version="3.0.2" name="TestSuite" time="42.958" tests="3" errors="0" skipped="0" failures="0">
  <properties>
[...]
</properties>
  <testcase name="searchingProduct" classname="package_01.Amazon_01.TC_02_LoginToAmazonSearching" time="11.575">
    <system-err><![CDATA[SLF4J(W): No SLF4J providers were found.
SLF4J(W): Defaulting to no-operation (NOP) logger implementation
SLF4J(W): See https://www.slf4j.org/codes.html#noProviders for further details.
Feb 12, 2026 9:52:11 PM org.openqa.selenium.devtools.CdpVersionFinder findNearestMatch
WARNING: Unable to find an exact match for CDP version 145, returning the closest version; found: 143; Please update to a Selenium version that supports CDP version 145
]]></system-err>
  </testcase>
  <testcase name="withValidCredentials" classname="package_01.Amazon_01.TC_01_LoginToAmazon" time="7.049">
    <system-err><![CDATA[Feb 12, 2026 9:52:25 PM org.openqa.selenium.devtools.CdpVersionFinder findNearestMatch
WARNING: Unable to find an exact match for CDP version 145, returning the closest version; found: 143; Please update to a Selenium version that supports CDP version 145
]]></system-err>
  </testcase>
  <testcase name="searchingProductAndSignOut" classname="package_01.Amazon_01.TC_03_LoginToAmazonSearchingLogout" time="11.946">
    <system-err><![CDATA[Feb 12, 2026 9:52:35 PM org.openqa.selenium.devtools.CdpVersionFinder findNearestMatch
WARNING: Unable to find an exact match for CDP version 145, returning the closest version; found: 143; Please update to a Selenium version that supports CDP version 145
]]></system-err>
  </testcase>
</testsuite>