<?xml version="1.0" encoding="UTF-8"?>
<testng-results ignored="0" total="3" passed="3" failed="0" skipped="0">
  <reporter-output>
    <line>
      <![CDATA[Browser is Launched]]>
    </line>
    <line>
      <![CDATA[UserName is Entered]]>
    </line>
    <line>
      <![CDATA[Password  is Entered]]>
    </line>
    <line>
      <![CDATA[Login is Successfull ]]>
    </line>
    <line>
      <![CDATA[Product searched is Successfull]]>
    </line>
    <line>
      <![CDATA[Browser is Launched]]>
    </line>
    <line>
      <![CDATA[UserName is Entered]]>
    </line>
    <line>
      <![CDATA[Password  is Entered]]>
    </line>
    <line>
      <![CDATA[Login is Successfull ]]>
    </line>
    <line>
      <![CDATA[Browser is Launched]]>
    </line>
    <line>
      <![CDATA[UserName is Entered]]>
    </line>
    <line>
      <![CDATA[Password  is Entered]]>
    </line>
    <line>
      <![CDATA[Login is Successfull ]]>
    </line>
    <line>
      <![CDATA[Product searched is Successfull]]>
    </line>
    <line>
      <![CDATA[LogOut is Successfull ]]>
    </line>
  </reporter-output>
  <suite started-at="2026-02-12T21:52:07 IST" name="System" finished-at="2026-02-12T21:52:49 IST" duration-ms="42471">
    <groups>
    </groups>
    <test started-at="2026-02-12T21:52:07 IST" name="Testing On Chrome" finished-at="2026-02-12T21:52:49 IST" duration-ms="42471">
      <class name="package_01.Amazon_01.TC_02_LoginToAmazonSearching">
        <test-method is-config="true" signature="browserLaunch(java.lang.String)[pri:0, instance:package_01.Amazon_01.TC_02_LoginToAmazonSearching@44ebcd03]" started-at="2026-02-12T21:52:07 IST" name="browserLaunch" finished-at="2026-02-12T21:52:12 IST" duration-ms="5195" status="PASS">
          <params>
            <param index="0">
              <value>
                <![CDATA[chrome]]>
              </value>
            </param>
          </params>
          <reporter-output>
          </reporter-output>
        </test-method> <!-- browserLaunch -->
        <test-method signature="searchingProduct()[pri:0, instance:package_01.Amazon_01.TC_02_LoginToAmazonSearching@44ebcd03]" started-at="2026-02-12T21:52:12 IST" name="searchingProduct" finished-at="2026-02-12T21:52:24 IST" duration-ms="11572" status="PASS">
          <reporter-output>
            <line>
              <![CDATA[Browser is Launched]]>
            </line>
            <line>
              <![CDATA[UserName is Entered]]>
            </line>
            <line>
              <![CDATA[Password  is Entered]]>
            </line>
            <line>
              <![CDATA[Login is Successfull ]]>
            </line>
            <line>
              <![CDATA[Product searched is Successfull]]>
            </line>
          </reporter-output>
        </test-method> <!-- searchingProduct -->
        <test-method is-config="true" signature="browserQuit()[pri:0, instance:package_01.Amazon_01.TC_02_LoginToAmazonSearching@44ebcd03]" started-at="2026-02-12T21:52:24 IST" name="browserQuit" finished-at="2026-02-12T21:52:24 IST" duration-ms="352" status="PASS">
          <reporter-output>
          </reporter-output>
        </test-method> <!-- browserQuit -->
      </class> <!-- package_01.Amazon_01.TC_02_LoginToAmazonSearching -->
      <class name="package_01.Amazon_01.TC_01_LoginToAmazon">
        <test-method is-config="true" signature="browserLaunch(java.lang.String)[pri:0, instance:package_01.Amazon_01.TC_01_LoginToAmazon@5c33f1a9]" started-at="2026-02-12T21:52:24 IST" name="browserLaunch" finished-at="2026-02-12T21:52:26 IST" duration-ms="1911" status="PASS">
          <params>
            <param index="0">
              <value>
                <![CDATA[chrome]]>
              </value>
            </param>
          </params>
          <reporter-output>
          </reporter-output>
        </test-method> <!-- browserLaunch -->
        <test-method signature="withValidCredentials()[pri:0, instance:package_01.Amazon_01.TC_01_LoginToAmazon@5c33f1a9]" started-at="2026-02-12T21:52:26 IST" name="withValidCredentials" finished-at="2026-02-12T21:52:33 IST" duration-ms="7048" status="PASS">
          <reporter-output>
            <line>
              <![CDATA[Browser is Launched]]>
            </line>
            <line>
              <![CDATA[UserName is Entered]]>
            </line>
            <line>
              <![CDATA[Password  is Entered]]>
            </line>
            <line>
              <![CDATA[Login is Successfull ]]>
            </line>
          </reporter-output>
        </test-method> <!-- withValidCredentials -->
        <test-method is-config="true" signature="browserQuit()[pri:0, instance:package_01.Amazon_01.TC_01_LoginToAmazon@5c33f1a9]" started-at="2026-02-12T21:52:33 IST" name="browserQuit" finished-at="2026-02-12T21:52:33 IST" duration-ms="215" status="PASS">
          <reporter-output>
          </reporter-output>
        </test-method> <!-- browserQuit -->
      </class> <!-- package_01.Amazon_01.TC_01_LoginToAmazon -->
      <class name="package_01.Amazon_01.TC_03_LoginToAmazonSearchingLogout">
        <test-method is-config="true" signature="browserLaunch(java.lang.String)[pri:0, instance:package_01.Amazon_01.TC_03_LoginToAmazonSearchingLogout@1623b78d]" started-at="2026-02-12T21:52:33 IST" name="browserLaunch" finished-at="2026-02-12T21:52:37 IST" duration-ms="3912" status="PASS">
          <params>
            <param index="0">
              <value>
                <![CDATA[chrome]]>
              </value>
            </param>
          </params>
          <reporter-output>
          </reporter-output>
        </test-method> <!-- browserLaunch -->
        <test-method signature="searchingProductAndSignOut()[pri:0, instance:package_01.Amazon_01.TC_03_LoginToAmazonSearchingLogout@1623b78d]" started-at="2026-02-12T21:52:37 IST" name="searchingProductAndSignOut" finished-at="2026-02-12T21:52:49 IST" duration-ms="11946" status="PASS">
          <reporter-output>
            <line>
              <![CDATA[Browser is Launched]]>
            </line>
            <line>
              <![CDATA[UserName is Entered]]>
            </line>
            <line>
              <![CDATA[Password  is Entered]]>
            </line>
            <line>
              <![CDATA[Login is Successfull ]]>
            </line>
            <line>
              <![CDATA[Product searched is Successfull]]>
            </line>
            <line>
              <![CDATA[LogOut is Successfull ]]>
            </line>
          </reporter-output>
        </test-method> <!-- searchingProductAndSignOut -->
        <test-method is-config="true" signature="browserQuit()[pri:0, instance:package_01.Amazon_01.TC_03_LoginToAmazonSearchingLogout@1623b78d]" started-at="2026-02-12T21:52:49 IST" name="browserQuit" finished-at="2026-02-12T21:52:49 IST" duration-ms="267" status="PASS">
          <reporter-output>
          </reporter-output>
        </test-method> <!-- browserQuit -->
      </class> <!-- package_01.Amazon_01.TC_03_LoginToAmazonSearchingLogout -->
    </test> <!-- Testing On Chrome -->
  </suite> <!-- System -->
</testng-results>
