<?xml version="1.0" encoding="UTF-8"?>
<!-- Generated by org.testng.reporters.JUnitReportReporter -->
<testsuite hostname="LAPTOP-0TJIKA7P" failures="0" tests="1" name="package_01.Amazon_01.TC_01_LoginToAmazon" time="26.315" errors="0" timestamp="2026-01-27T18:42:53 IST" skipped="0">
  <testcase classname="package_01.Amazon_01.TC_01_LoginToAmazon" name="withValidCredentials" time="26.315">
    <system-out>
      <![CDATA[Browser is Launched
UserName is Entered
Password  is Entered
Login is Successfull ]]>
    </system-out>
  </testcase> <!-- withValidCredentials -->
  <system-out>
    <![CDATA[Browser is Launched
UserName is Entered
Password  is Entered
Login is Successfull 
Product searched is Successfull
Browser is Launched
UserName is Entered
Password  is Entered
Login is Successfull 
Browser is Launched
UserName is Entered
Password  is Entered
Login is Successfull 
Product searched is Successfull
LogOut is Successfull ]]>
  </system-out>
</testsuite> <!-- package_01.Amazon_01.TC_01_LoginToAmazon -->
