<?xml version="1.0" encoding="UTF-8"?>
<!-- Generated by org.testng.reporters.JUnitXMLReporter -->
<testsuite ignored="0" hostname="LAPTOP-0TJIKA7P" failures="0" tests="3" name="Testing On Chrome" time="84.845" errors="0" timestamp="2026-01-27T18:42:53 IST">
  <testcase classname="package_01.Amazon_01.TC_02_LoginToAmazonSearching" name="searchingProduct" time="13.394"/>
  <testcase classname="package_01.Amazon_01.TC_01_LoginToAmazon" name="withValidCredentials" time="14.028"/>
  <testcase classname="package_01.Amazon_01.TC_03_LoginToAmazonSearchingLogout" name="searchingProductAndSignOut" time="21.33"/>
</testsuite> <!-- Testing On Chrome -->
